<?xml version="1.0" encoding="UTF-8"?>
<testng-results ignored="0" total="1" passed="0" failed="1" skipped="0">
  <reporter-output>
  </reporter-output>
  <suite started-at="2022-08-15T22:27:16 TRT" name="Sample Test Suite" finished-at="2022-08-15T22:27:25 TRT" duration-ms="9003">
    <groups>
    </groups>
    <test started-at="2022-08-15T22:27:16 TRT" name="Test Automation" finished-at="2022-08-15T22:27:25 TRT" duration-ms="9003">
      <class name="tests.OptiimTest">
        <test-method is-config="true" signature="Initialize()[pri:0, instance:tests.OptiimTest@3f191845]" started-at="2022-08-15T22:27:16 TRT" name="Initialize" finished-at="2022-08-15T22:27:16 TRT" duration-ms="169" status="PASS">
          <reporter-output>
          </reporter-output>
        </test-method> <!-- Initialize -->
        <test-method is-config="true" signature="beforeMethodMethod(java.lang.String,java.lang.reflect.Method)[pri:0, instance:tests.OptiimTest@3f191845]" started-at="2022-08-15T22:27:17 TRT" name="beforeMethodMethod" finished-at="2022-08-15T22:27:19 TRT" duration-ms="1693" status="PASS">
          <params>
            <param index="0">
              <value>
                <![CDATA[chrome]]>
              </value>
            </param>
            <param index="1">
              <value>
                <![CDATA[public void tests.OptiimTest.hepsiBuradaAutomation(java.lang.String,java.lang.String,java.lang.String) throws java.lang.Throwable]]>
              </value>
            </param>
          </params>
          <reporter-output>
          </reporter-output>
        </test-method> <!-- beforeMethodMethod -->
        <test-method signature="hepsiBuradaAutomation(java.lang.String,java.lang.String,java.lang.String)[pri:0, instance:tests.OptiimTest@3f191845]" started-at="2022-08-15T22:27:19 TRT" name="hepsiBuradaAutomation" data-provider="Constants" finished-at="2022-08-15T22:27:24 TRT" duration-ms="5106" status="FAIL">
          <params>
            <param index="0">
              <value>
                <![CDATA[fearente1@gmail.com]]>
              </value>
            </param>
            <param index="1">
              <value>
                <![CDATA[Hepsiburada1.]]>
              </value>
            </param>
            <param index="2">
              <value>
                <![CDATA[https://www.hepsiburada.com]]>
              </value>
            </param>
          </params>
          <exception class="java.lang.NullPointerException">
            <full-stacktrace>
              <![CDATA[java.lang.NullPointerException
at handler.methods.Methods.moveActions(Methods.java:51)
at handler.step.StepList.LoginCheck(StepList.java:24)
at tests.OptiimTest.hepsiBuradaAutomation(OptiimTest.java:31)
at java.base/jdk.internal.reflect.NativeMethodAccessorImpl.invoke0(Native Method)
at java.base/jdk.internal.reflect.NativeMethodAccessorImpl.invoke(NativeMethodAccessorImpl.java:62)
at java.base/jdk.internal.reflect.DelegatingMethodAccessorImpl.invoke(DelegatingMethodAccessorImpl.java:43)
at java.base/java.lang.reflect.Method.invoke(Method.java:566)
at org.testng.internal.invokers.MethodInvocationHelper.invokeMethod(MethodInvocationHelper.java:139)
at org.testng.internal.invokers.TestInvoker.invokeMethod(TestInvoker.java:677)
at org.testng.internal.invokers.TestInvoker.invokeTestMethod(TestInvoker.java:221)
at org.testng.internal.invokers.MethodRunner.runInSequence(MethodRunner.java:50)
at org.testng.internal.invokers.TestInvoker$MethodInvocationAgent.invoke(TestInvoker.java:962)
at org.testng.internal.invokers.TestInvoker.invokeTestMethods(TestInvoker.java:194)
at org.testng.internal.invokers.TestMethodWorker.invokeTestMethods(TestMethodWorker.java:148)
at org.testng.internal.invokers.TestMethodWorker.run(TestMethodWorker.java:128)
at java.base/java.util.ArrayList.forEach(ArrayList.java:1541)
at org.testng.TestRunner.privateRun(TestRunner.java:806)
at org.testng.TestRunner.run(TestRunner.java:601)
at org.testng.SuiteRunner.runTest(SuiteRunner.java:433)
at org.testng.SuiteRunner.runSequentially(SuiteRunner.java:427)
at org.testng.SuiteRunner.privateRun(SuiteRunner.java:387)
at org.testng.SuiteRunner.run(SuiteRunner.java:330)
at org.testng.SuiteRunnerWorker.runSuite(SuiteRunnerWorker.java:52)
at org.testng.SuiteRunnerWorker.run(SuiteRunnerWorker.java:95)
at org.testng.TestNG.runSuitesSequentially(TestNG.java:1256)
at org.testng.TestNG.runSuitesLocally(TestNG.java:1176)
at org.testng.TestNG.runSuites(TestNG.java:1099)
at org.testng.TestNG.run(TestNG.java:1067)
at org.apache.maven.surefire.testng.TestNGExecutor.run(TestNGExecutor.java:324)
at org.apache.maven.surefire.testng.TestNGXmlTestSuite.execute(TestNGXmlTestSuite.java:74)
at org.apache.maven.surefire.testng.TestNGProvider.invoke(TestNGProvider.java:123)
at org.apache.maven.surefire.booter.ForkedBooter.runSuitesInProcess(ForkedBooter.java:456)
at org.apache.maven.surefire.booter.ForkedBooter.execute(ForkedBooter.java:169)
at org.apache.maven.surefire.booter.ForkedBooter.run(ForkedBooter.java:595)
at org.apache.maven.surefire.booter.ForkedBooter.main(ForkedBooter.java:581)
]]>
            </full-stacktrace>
          </exception> <!-- java.lang.NullPointerException -->
          <reporter-output>
          </reporter-output>
        </test-method> <!-- hepsiBuradaAutomation -->
        <test-method is-config="true" signature="afterMethodMethod()[pri:0, instance:tests.OptiimTest@3f191845]" started-at="2022-08-15T22:27:24 TRT" name="afterMethodMethod" finished-at="2022-08-15T22:27:25 TRT" duration-ms="683" status="PASS">
          <reporter-output>
          </reporter-output>
        </test-method> <!-- afterMethodMethod -->
        <test-method is-config="true" signature="afterSuite()[pri:0, instance:tests.OptiimTest@3f191845]" started-at="2022-08-15T22:27:25 TRT" name="afterSuite" finished-at="2022-08-15T22:27:25 TRT" duration-ms="320" status="PASS">
          <reporter-output>
          </reporter-output>
        </test-method> <!-- afterSuite -->
      </class> <!-- tests.OptiimTest -->
    </test> <!-- Test Automation -->
  </suite> <!-- Sample Test Suite -->
</testng-results>
