<?xml version="1.0" encoding="UTF-8"?>
<!-- Generated by org.testng.reporters.JUnitXMLReporter -->
<testsuite ignored="0" hostname="DESKTOP-8JPTVOM" failures="1" tests="1" name="Test Automation" time="9.003" errors="0" timestamp="2022-08-15T22:27:25 TRT">
  <testcase classname="tests.OptiimTest" name="hepsiBuradaAutomation" time="5.106">
    <failure type="java.lang.NullPointerException">
      <![CDATA[java.lang.NullPointerException
at handler.methods.Methods.moveActions(Methods.java:51)
at handler.step.StepList.LoginCheck(StepList.java:24)
at tests.OptiimTest.hepsiBuradaAutomation(OptiimTest.java:31)
at java.base/java.util.ArrayList.forEach(ArrayList.java:1541)
... Removed 31 stack frames]]>
    </failure>
  </testcase> <!-- hepsiBuradaAutomation -->
</testsuite> <!-- Test Automation -->
